# JRE version: OpenJDK Runtime Environment (21.0.10) (build 21.0.10+-14961533-b1163.108)
# Java VM: OpenJDK 64-Bit Server VM (21.0.10+-14961533-b1163.108, mixed mode, tiered, compressed oops, compressed class ptrs, g1 gc, windows-amd64)
GC Precious Log:
 CardTable entry size: 512
 Card Set container configuration: InlinePtr #cards 5 size 8 Array Of Cards #cards 12 size 40 Howl #buckets 4 coarsen threshold 1843 Howl Bitmap #cards 512 size 80 coarsen threshold 460 Card regions per heap region 1 cards per card region 2048
 CPUs: 6 total, 6 available
 Memory: 12222M
 Large Page Support: Disabled
 NUMA Support: Disabled
 Compressed Oops: Enabled (32-bit)
 Heap Region Size: 1M
 Heap Min Capacity: 8M
 Heap Initial Capacity: 192M
 Heap Max Capacity: 2G
 Pre-touch: Disabled
 Parallel Workers: 6
 Concurrent Workers: 2
 Concurrent Refinement Workers: 6
 Periodic GC: Disabled
Heap:
 garbage-first heap   total 284672K, used 206103K [0x0000000080000000, 0x0000000100000000)
  region size 1024K, 19 young (19456K), 7 survivors (7168K)
 Metaspace       used 146148K, committed 149056K, reserved 1179648K
  class space    used 20085K, committed 21504K, reserved 1048576K
GC Heap History (20 events):
Event: 36.068 GC heap before
{Heap before GC invocations=47 (full 0):
 garbage-first heap   total 219136K, used 198802K [0x0000000080000000, 0x0000000100000000)
  region size 1024K, 69 young (70656K), 3 survivors (3072K)
 Metaspace       used 123869K, committed 126336K, reserved 1179648K
  class space    used 17344K, committed 18560K, reserved 1048576K
}
Event: 36.074 GC heap after
{Heap after GC invocations=48 (full 0):
 garbage-first heap   total 219136K, used 136851K [0x0000000080000000, 0x0000000100000000)
  region size 1024K, 7 young (7168K), 7 survivors (7168K)
 Metaspace       used 123869K, committed 126336K, reserved 1179648K
  class space    used 17344K, committed 18560K, reserved 1048576K
}
Event: 37.128 GC heap before
{Heap before GC invocations=49 (full 0):
 garbage-first heap   total 239616K, used 206483K [0x0000000080000000, 0x0000000100000000)
  region size 1024K, 71 young (72704K), 7 survivors (7168K)
 Metaspace       used 126173K, committed 128704K, reserved 1179648K
  class space    used 17521K, committed 18752K, reserved 1048576K
}
Event: 37.138 GC heap after
{Heap after GC invocations=50 (full 0):
 garbage-first heap   total 239616K, used 143360K [0x0000000080000000, 0x0000000100000000)
  region size 1024K, 9 young (9216K), 9 survivors (9216K)
 Metaspace       used 126173K, committed 128704K, reserved 1179648K
  class space    used 17521K, committed 18752K, reserved 1048576K
}
Event: 37.834 GC heap before
{Heap before GC invocations=50 (full 0):
 garbage-first heap   total 239616K, used 219136K [0x0000000080000000, 0x0000000100000000)
  region size 1024K, 84 young (86016K), 9 survivors (9216K)
 Metaspace       used 126773K, committed 129280K, reserved 1179648K
  class space    used 17570K, committed 18816K, reserved 1048576K
}
Event: 37.844 GC heap after
{Heap after GC invocations=51 (full 0):
 garbage-first heap   total 239616K, used 148290K [0x0000000080000000, 0x0000000100000000)
  region size 1024K, 8 young (8192K), 8 survivors (8192K)
 Metaspace       used 126773K, committed 129280K, reserved 1179648K
  class space    used 17570K, committed 18816K, reserved 1048576K
}
Event: 38.376 GC heap before
{Heap before GC invocations=51 (full 0):
 garbage-first heap   total 239616K, used 218946K [0x0000000080000000, 0x0000000100000000)
  region size 1024K, 77 young (78848K), 8 survivors (8192K)
 Metaspace       used 130223K, committed 132736K, reserved 1179648K
  class space    used 17972K, committed 19200K, reserved 1048576K
}
Event: 38.383 GC heap after
{Heap after GC invocations=52 (full 0):
 garbage-first heap   total 239616K, used 155870K [0x0000000080000000, 0x0000000100000000)
  region size 1024K, 8 young (8192K), 8 survivors (8192K)
 Metaspace       used 130223K, committed 132736K, reserved 1179648K
  class space    used 17972K, committed 19200K, reserved 1048576K
}
Event: 419.121 GC heap before
{Heap before GC invocations=53 (full 0):
 garbage-first heap   total 261120K, used 220382K [0x0000000080000000, 0x0000000100000000)
  region size 1024K, 71 young (72704K), 8 survivors (8192K)
 Metaspace       used 133248K, committed 135808K, reserved 1179648K
  class space    used 18333K, committed 19584K, reserved 1048576K
}
Event: 419.143 GC heap after
{Heap after GC invocations=54 (full 0):
 garbage-first heap   total 261120K, used 159077K [0x0000000080000000, 0x0000000100000000)
  region size 1024K, 4 young (4096K), 4 survivors (4096K)
 Metaspace       used 133248K, committed 135808K, reserved 1179648K
  class space    used 18333K, committed 19584K, reserved 1048576K
}
Event: 1813.069 GC heap before
{Heap before GC invocations=54 (full 0):
 garbage-first heap   total 261120K, used 238949K [0x0000000080000000, 0x0000000100000000)
  region size 1024K, 83 young (84992K), 4 survivors (4096K)
 Metaspace       used 136723K, committed 139456K, reserved 1179648K
  class space    used 18761K, committed 20096K, reserved 1048576K
}
Event: 1813.105 GC heap after
{Heap after GC invocations=55 (full 0):
 garbage-first heap   total 261120K, used 161730K [0x0000000080000000, 0x0000000100000000)
  region size 1024K, 8 young (8192K), 8 survivors (8192K)
 Metaspace       used 136723K, committed 139456K, reserved 1179648K
  class space    used 18761K, committed 20096K, reserved 1048576K
}
Event: 1814.132 GC heap before
{Heap before GC invocations=55 (full 0):
 garbage-first heap   total 261120K, used 242626K [0x0000000080000000, 0x0000000100000000)
  region size 1024K, 88 young (90112K), 8 survivors (8192K)
 Metaspace       used 140096K, committed 142848K, reserved 1179648K
  class space    used 19179K, committed 20480K, reserved 1048576K
}
Event: 1814.147 GC heap after
{Heap after GC invocations=56 (full 0):
 garbage-first heap   total 261120K, used 169309K [0x0000000080000000, 0x0000000100000000)
  region size 1024K, 11 young (11264K), 11 survivors (11264K)
 Metaspace       used 140096K, committed 142848K, reserved 1179648K
  class space    used 19179K, committed 20480K, reserved 1048576K
}
Event: 1814.677 GC heap before
{Heap before GC invocations=57 (full 0):
 garbage-first heap   total 283648K, used 242013K [0x0000000080000000, 0x0000000100000000)
  region size 1024K, 82 young (83968K), 11 survivors (11264K)
 Metaspace       used 141601K, committed 144384K, reserved 1179648K
  class space    used 19340K, committed 20672K, reserved 1048576K
}
Event: 1814.689 GC heap after
{Heap after GC invocations=58 (full 0):
 garbage-first heap   total 283648K, used 181248K [0x0000000080000000, 0x0000000100000000)
  region size 1024K, 11 young (11264K), 11 survivors (11264K)
 Metaspace       used 141601K, committed 144384K, reserved 1179648K
  class space    used 19340K, committed 20672K, reserved 1048576K
}
Event: 1815.464 GC heap before
{Heap before GC invocations=58 (full 0):
 garbage-first heap   total 283648K, used 259072K [0x0000000080000000, 0x0000000100000000)
  region size 1024K, 88 young (90112K), 11 survivors (11264K)
 Metaspace       used 143091K, committed 145920K, reserved 1179648K
  class space    used 19524K, committed 20864K, reserved 1048576K
}
Event: 1815.476 GC heap after
{Heap after GC invocations=59 (full 0):
 garbage-first heap   total 284672K, used 188246K [0x0000000080000000, 0x0000000100000000)
  region size 1024K, 10 young (10240K), 10 survivors (10240K)
 Metaspace       used 143091K, committed 145920K, reserved 1179648K
  class space    used 19524K, committed 20864K, reserved 1048576K
}
Event: 1816.131 GC heap before
{Heap before GC invocations=59 (full 0):
 garbage-first heap   total 284672K, used 261974K [0x0000000080000000, 0x0000000100000000)
  region size 1024K, 82 young (83968K), 10 survivors (10240K)
 Metaspace       used 146044K, committed 148992K, reserved 1179648K
  class space    used 20061K, committed 21504K, reserved 1048576K
}
Event: 1816.141 GC heap after
{Heap after GC invocations=60 (full 0):
 garbage-first heap   total 284672K, used 194839K [0x0000000080000000, 0x0000000100000000)
  region size 1024K, 7 young (7168K), 7 survivors (7168K)
 Metaspace       used 146044K, committed 148992K, reserved 1179648K
  class space    used 20061K, committed 21504K, reserved 1048576K
}

